
Host Name:                 PC
OS Name:                   Microsoft Windows 7 Professional 
OS Version:                6.1.7601 Service Pack 1 Build 7601
OS Manufacturer:           Microsoft Corporation
OS Configuration:          Standalone Workstation
OS Build Type:             Multiprocessor Free
Registered Owner:          User
Registered Organization:   
Product ID:                00371-177-0000061-85043
Original Install Date:     25.12.2021, 15:05:23
System Boot Time:          04.01.2022, 21:59:28
System Manufacturer:       innotek GmbH
System Model:              VirtualBox
System Type:               x64-based PC
Processor(s):              1 Processor(s) Installed.
                           [01]: Intel64 Family 6 Model 126 Stepping 5 GenuineIntel ~1191 Mhz
BIOS Version:              innotek GmbH VirtualBox, 01.12.2006
Windows Directory:         C:\Windows
System Directory:          C:\Windows\system32
Boot Device:               \Device\HarddiskVolume1
System Locale:             ru;Russian
Input Locale:              ru;Russian
Time Zone:                 (UTC) Coordinated Universal Time
Total Physical Memory:     3 072 MB
Available Physical Memory: 1 784 MB
Virtual Memory: Max Size:  6 141 MB
Virtual Memory: Available: 4 965 MB
Virtual Memory: In Use:    1 176 MB
Page File Location(s):     C:\pagefile.sys
Domain:                    WORKGROUP
Logon Server:              \\PC
Hotfix(s):                 214 Hotfix(s) Installed.
                           [01]: KB2849697
                           [02]: KB2849697
                           [03]: KB2849696
                           [04]: KB2849696
                           [05]: KB2849696
                           [06]: KB2841134
                           [07]: KB2841134
                           [08]: KB2841134
                           [09]: KB2670838
                           [10]: KB2830477
                           [11]: KB2592687
                           [12]: KB917607
                           [13]: KB2819745
                           [14]: KB2479943
                           [15]: KB2491683
                           [16]: KB2506014
                           [17]: KB2506212
                           [18]: KB2506928
                           [19]: KB2533552
                           [20]: KB2534111
                           [21]: KB2545698
                           [22]: KB2547666
                           [23]: KB2552343
                           [24]: KB2560656
                           [25]: KB2564958
                           [26]: KB2574819
                           [27]: KB2579686
                           [28]: KB2603229
                           [29]: KB2604115
                           [30]: KB2620704
                           [31]: KB2621440
                           [32]: KB2631813
                           [33]: KB2639308
                           [34]: KB2640148
                           [35]: KB2647753
                           [36]: KB2654428
                           [37]: KB2660075
                           [38]: KB2667402
                           [39]: KB2676562
                           [40]: KB2685811
                           [41]: KB2685813
                           [42]: KB2690533
                           [43]: KB2698365
                           [44]: KB2705219
                           [45]: KB2719857
                           [46]: KB2726535
                           [47]: KB2727528
                           [48]: KB2729094
                           [49]: KB2732059
                           [50]: KB2736422
                           [51]: KB2742599
                           [52]: KB2750841
                           [53]: KB2761217
                           [54]: KB2770660
                           [55]: KB2773072
                           [56]: KB2786081
                           [57]: KB2791765
                           [58]: KB2799926
                           [59]: KB2800095
                           [60]: KB2807986
                           [61]: KB2808679
                           [62]: KB2809215
                           [63]: KB2813347
                           [64]: KB2813430
                           [65]: KB2818604
                           [66]: KB2834140
                           [67]: KB2840631
                           [68]: KB2843630
                           [69]: KB2847927
                           [70]: KB2852386
                           [71]: KB2853952
                           [72]: KB2857650
                           [73]: KB2861698
                           [74]: KB2862330
                           [75]: KB2864202
                           [76]: KB2868038
                           [77]: KB2871997
                           [78]: KB2872035
                           [79]: KB2884256
                           [80]: KB2891804
                           [81]: KB2893294
                           [82]: KB2893519
                           [83]: KB2894844
                           [84]: KB2900986
                           [85]: KB2908783
                           [86]: KB2911501
                           [87]: KB2912390
                           [88]: KB2918077
                           [89]: KB2919469
                           [90]: KB2920188
                           [91]: KB2923545
                           [92]: KB2931356
                           [93]: KB2937610
                           [94]: KB2943357
                           [95]: KB2968294
                           [96]: KB2970228
                           [97]: KB2972100
                           [98]: KB2972211
                           [99]: KB2973112
                           [100]: KB2973201
                           [101]: KB2977292
                           [102]: KB2978120
                           [103]: KB2978742
                           [104]: KB2984972
                           [105]: KB2985461
                           [106]: KB2991963
                           [107]: KB2992611
                           [108]: KB3000483
                           [109]: KB3004361
                           [110]: KB3004375
                           [111]: KB3006121
                           [112]: KB3006137
                           [113]: KB3010788
                           [114]: KB3011780
                           [115]: KB3013531
                           [116]: KB3020370
                           [117]: KB3020388
                           [118]: KB3021674
                           [119]: KB3023215
                           [120]: KB3030377
                           [121]: KB3035126
                           [122]: KB3037574
                           [123]: KB3042058
                           [124]: KB3045685
                           [125]: KB3046017
                           [126]: KB3046269
                           [127]: KB3054476
                           [128]: KB3059317
                           [129]: KB3060716
                           [130]: KB3067903
                           [131]: KB3071756
                           [132]: KB3072305
                           [133]: KB3074543
                           [134]: KB3075226
                           [135]: KB3078667
                           [136]: KB3080079
                           [137]: KB3093513
                           [138]: KB3097989
                           [139]: KB3102429
                           [140]: KB3107998
                           [141]: KB3108371
                           [142]: KB3108664
                           [143]: KB3109103
                           [144]: KB3109560
                           [145]: KB3110329
                           [146]: KB3118401
                           [147]: KB3122648
                           [148]: KB3123479
                           [149]: KB3126446
                           [150]: KB3126587
                           [151]: KB3127220
                           [152]: KB3133977
                           [153]: KB3137061
                           [154]: KB3138378
                           [155]: KB3138910
                           [156]: KB3139398
                           [157]: KB3139914
                           [158]: KB3140245
                           [159]: KB3147071
                           [160]: KB3149090
                           [161]: KB3150220
                           [162]: KB3155178
                           [163]: KB3156016
                           [164]: KB3159398
                           [165]: KB3161949
                           [166]: KB3179573
                           [167]: KB3181988
                           [168]: KB3192391
                           [169]: KB3197867
                           [170]: KB4012212
                           [171]: KB4015546
                           [172]: KB4019263
                           [173]: KB4019990
                           [174]: KB4022722
                           [175]: KB4025337
                           [176]: KB4034679
                           [177]: KB4038779
                           [178]: KB4040966
                           [179]: KB4040980
                           [180]: KB4041678
                           [181]: KB4048960
                           [182]: KB4054521
                           [183]: KB4073578
                           [184]: KB4074587
                           [185]: KB4093108
                           [186]: KB4099467
                           [187]: KB4103712
                           [188]: KB4284867
                           [189]: KB4343899
                           [190]: KB4345459
                           [191]: KB4457145
                           [192]: KB4462915
                           [193]: KB4467106
                           [194]: KB4474419
                           [195]: KB4487345
                           [196]: KB4489885
                           [197]: KB4490628
                           [198]: KB4493448
                           [199]: KB4499175
                           [200]: KB4507456
                           [201]: KB4508772
                           [202]: KB4516033
                           [203]: KB4517297
                           [204]: KB4519108
                           [205]: KB4520003
                           [206]: KB4525233
                           [207]: KB4530692
                           [208]: KB4532945
                           [209]: KB4534251
                           [210]: KB4534314
                           [211]: KB4536952
                           [212]: KB976902
                           [213]: KB982018
                           [214]: KB3185278
Network Card(s):           1 NIC(s) Installed.
                           [01]: Адаптер рабочего стола Intel(R) PRO/1000 MT
                                 Connection Name: LAN1
                                 DHCP Enabled:    No
                                 IP address(es)
                                 [01]: 192.168.10.172
                                 [02]: fe80::c810:9aaf:6b4c:6b3c
